# JRE version: OpenJDK Runtime Environment Microsoft-13106358 (17.0.18+8) (build 17.0.18+8-LTS)
# Java VM: OpenJDK 64-Bit Server VM Microsoft-13106358 (17.0.18+8-LTS, mixed mode, emulated-client, sharing, tiered, compressed oops, compressed class ptrs, g1 gc, windows-amd64)
GC Precious Log:
 CPUs: 8 total, 8 available
 Memory: 6019M
 Large Page Support: Disabled
 NUMA Support: Disabled
 Compressed Oops: Enabled (32-bit)
 Heap Region Size: 1M
 Heap Min Capacity: 8M
 Heap Initial Capacity: 96M
 Heap Max Capacity: 1506M
 Pre-touch: Disabled
 Parallel Workers: 8
 Concurrent Workers: 2
 Concurrent Refinement Workers: 8
 Periodic GC: Disabled
Heap:
 garbage-first heap   total 70656K, used 28020K [0x00000000a1e00000, 0x0000000100000000)
  region size 1024K, 4 young (4096K), 3 survivors (3072K)
 Metaspace       used 60159K, committed 60736K, reserved 1114112K
  class space    used 8656K, committed 8960K, reserved 1048576K
GC Heap History (20 events):
Event: 5.008 GC heap before
{Heap before GC invocations=2 (full 0):
 garbage-first heap   total 98304K, used 48807K [0x00000000a1e00000, 0x0000000100000000)
  region size 1024K, 40 young (40960K), 2 survivors (2048K)
 Metaspace       used 20081K, committed 20480K, reserved 1114112K
  class space    used 2799K, committed 3008K, reserved 1048576K
}
Event: 5.016 GC heap after
{Heap after GC invocations=3 (full 0):
 garbage-first heap   total 98304K, used 13688K [0x00000000a1e00000, 0x0000000100000000)
  region size 1024K, 5 young (5120K), 5 survivors (5120K)
 Metaspace       used 20081K, committed 20480K, reserved 1114112K
  class space    used 2799K, committed 3008K, reserved 1048576K
}
Event: 5.191 GC heap before
{Heap before GC invocations=3 (full 0):
 garbage-first heap   total 98304K, used 21880K [0x00000000a1e00000, 0x0000000100000000)
  region size 1024K, 14 young (14336K), 5 survivors (5120K)
 Metaspace       used 21199K, committed 21504K, reserved 1114112K
  class space    used 2976K, committed 3136K, reserved 1048576K
}
Event: 5.196 GC heap after
{Heap after GC invocations=4 (full 0):
 garbage-first heap   total 98304K, used 14504K [0x00000000a1e00000, 0x0000000100000000)
  region size 1024K, 4 young (4096K), 4 survivors (4096K)
 Metaspace       used 21199K, committed 21504K, reserved 1114112K
  class space    used 2976K, committed 3136K, reserved 1048576K
}
Event: 6.677 GC heap before
{Heap before GC invocations=5 (full 0):
 garbage-first heap   total 58368K, used 45224K [0x00000000a1e00000, 0x0000000100000000)
  region size 1024K, 34 young (34816K), 4 survivors (4096K)
 Metaspace       used 24413K, committed 24768K, reserved 1114112K
  class space    used 3438K, committed 3584K, reserved 1048576K
}
Event: 6.685 GC heap after
{Heap after GC invocations=6 (full 0):
 garbage-first heap   total 58368K, used 17208K [0x00000000a1e00000, 0x0000000100000000)
  region size 1024K, 4 young (4096K), 4 survivors (4096K)
 Metaspace       used 24413K, committed 24768K, reserved 1114112K
  class space    used 3438K, committed 3584K, reserved 1048576K
}
Event: 7.654 GC heap before
{Heap before GC invocations=6 (full 0):
 garbage-first heap   total 58368K, used 40760K [0x00000000a1e00000, 0x0000000100000000)
  region size 1024K, 27 young (27648K), 4 survivors (4096K)
 Metaspace       used 27403K, committed 27840K, reserved 1114112K
  class space    used 3899K, committed 4096K, reserved 1048576K
}
Event: 7.663 GC heap after
{Heap after GC invocations=7 (full 0):
 garbage-first heap   total 58368K, used 18898K [0x00000000a1e00000, 0x0000000100000000)
  region size 1024K, 2 young (2048K), 2 survivors (2048K)
 Metaspace       used 27403K, committed 27840K, reserved 1114112K
  class space    used 3899K, committed 4096K, reserved 1048576K
}
Event: 8.819 GC heap before
{Heap before GC invocations=7 (full 0):
 garbage-first heap   total 58368K, used 42450K [0x00000000a1e00000, 0x0000000100000000)
  region size 1024K, 25 young (25600K), 2 survivors (2048K)
 Metaspace       used 31599K, committed 32000K, reserved 1114112K
  class space    used 4492K, committed 4672K, reserved 1048576K
}
Event: 8.835 GC heap after
{Heap after GC invocations=8 (full 0):
 garbage-first heap   total 58368K, used 20946K [0x00000000a1e00000, 0x0000000100000000)
  region size 1024K, 4 young (4096K), 4 survivors (4096K)
 Metaspace       used 31599K, committed 32000K, reserved 1114112K
  class space    used 4492K, committed 4672K, reserved 1048576K
}
Event: 9.827 GC heap before
{Heap before GC invocations=8 (full 0):
 garbage-first heap   total 58368K, used 41426K [0x00000000a1e00000, 0x0000000100000000)
  region size 1024K, 25 young (25600K), 4 survivors (4096K)
 Metaspace       used 35964K, committed 36416K, reserved 1114112K
  class space    used 5140K, committed 5376K, reserved 1048576K
}
Event: 9.847 GC heap after
{Heap after GC invocations=9 (full 0):
 garbage-first heap   total 58368K, used 22548K [0x00000000a1e00000, 0x0000000100000000)
  region size 1024K, 2 young (2048K), 2 survivors (2048K)
 Metaspace       used 35964K, committed 36416K, reserved 1114112K
  class space    used 5140K, committed 5376K, reserved 1048576K
}
Event: 10.770 GC heap before
{Heap before GC invocations=10 (full 0):
 garbage-first heap   total 58368K, used 44052K [0x00000000a1e00000, 0x0000000100000000)
  region size 1024K, 23 young (23552K), 2 survivors (2048K)
 Metaspace       used 41212K, committed 41728K, reserved 1114112K
  class space    used 5910K, committed 6144K, reserved 1048576K
}
Event: 10.779 GC heap after
{Heap after GC invocations=11 (full 0):
 garbage-first heap   total 58368K, used 24126K [0x00000000a1e00000, 0x0000000100000000)
  region size 1024K, 3 young (3072K), 3 survivors (3072K)
 Metaspace       used 41212K, committed 41728K, reserved 1114112K
  class space    used 5910K, committed 6144K, reserved 1048576K
}
Event: 12.652 GC heap before
{Heap before GC invocations=11 (full 0):
 garbage-first heap   total 58368K, used 44606K [0x00000000a1e00000, 0x0000000100000000)
  region size 1024K, 23 young (23552K), 3 survivors (3072K)
 Metaspace       used 48484K, committed 48960K, reserved 1114112K
  class space    used 6857K, committed 7104K, reserved 1048576K
}
Event: 12.664 GC heap after
{Heap after GC invocations=12 (full 0):
 garbage-first heap   total 70656K, used 26052K [0x00000000a1e00000, 0x0000000100000000)
  region size 1024K, 2 young (2048K), 2 survivors (2048K)
 Metaspace       used 48484K, committed 48960K, reserved 1114112K
  class space    used 6857K, committed 7104K, reserved 1048576K
}
Event: 13.969 GC heap before
{Heap before GC invocations=12 (full 0):
 garbage-first heap   total 70656K, used 52676K [0x00000000a1e00000, 0x0000000100000000)
  region size 1024K, 29 young (29696K), 2 survivors (2048K)
 Metaspace       used 55123K, committed 55680K, reserved 1114112K
  class space    used 7799K, committed 8064K, reserved 1048576K
}
Event: 13.978 GC heap after
{Heap after GC invocations=13 (full 0):
 garbage-first heap   total 70656K, used 27224K [0x00000000a1e00000, 0x0000000100000000)
  region size 1024K, 3 young (3072K), 3 survivors (3072K)
 Metaspace       used 55123K, committed 55680K, reserved 1114112K
  class space    used 7799K, committed 8064K, reserved 1048576K
}
Event: 14.908 GC heap before
{Heap before GC invocations=13 (full 0):
 garbage-first heap   total 70656K, used 53848K [0x00000000a1e00000, 0x0000000100000000)
  region size 1024K, 30 young (30720K), 3 survivors (3072K)
 Metaspace       used 60118K, committed 60736K, reserved 1114112K
  class space    used 8651K, committed 8960K, reserved 1048576K
}
Event: 14.917 GC heap after
{Heap after GC invocations=14 (full 0):
 garbage-first heap   total 70656K, used 28020K [0x00000000a1e00000, 0x0000000100000000)
  region size 1024K, 3 young (3072K), 3 survivors (3072K)
 Metaspace       used 60118K, committed 60736K, reserved 1114112K
  class space    used 8651K, committed 8960K, reserved 1048576K
}

